Using pre-set license
Built from '2020.3/staging' branch; Version is '2020.3.0f1 (c7b5465681fb) revision 13088070'; Using compiler version '192528614'; Build Type 'Release'
OS: 'Windows 10 Home; OS build 19043.1288; Version 2009; 64bit' Language: 'en' Physical Memory: 12115 MB
BatchMode: 1, IsHumanControllingUs: 0, StartBugReporterOnCrash: 0, Is64bit: 1, IsPro: 0

 COMMAND LINE ARGUMENTS:
C:\Program Files\Unity\Hub\Editor\2020.3.0f1\Editor\Unity.exe
-adb2
-batchMode
-noUpm
-name
AssetImportWorker0
-projectPath
C:/Users/super/Documents/GitHub/2D-Beginner/10112021
-logFile
Logs/AssetImportWorker0.log
-srvPort
49922
Successfully changed project path to: C:/Users/super/Documents/GitHub/2D-Beginner/10112021
C:/Users/super/Documents/GitHub/2D-Beginner/10112021
Using Asset Import Pipeline V2.
Refreshing native plugins compatible for Editor in 43.14 ms, found 1 plugins.
Preloading 0 native plugins for Editor in 0.00 ms.
Initialize engine version: 2020.3.0f1 (c7b5465681fb)
[Subsystems] Discovering subsystems at path C:/Program Files/Unity/Hub/Editor/2020.3.0f1/Editor/Data/Resources/UnitySubsystems
[Subsystems] Discovering subsystems at path C:/Users/super/Documents/GitHub/2D-Beginner/10112021/Assets
GfxDevice: creating device client; threaded=0
Direct3D:
    Version:  Direct3D 11.0 [level 11.1]
    Renderer: Intel(R) UHD Graphics (ID=0x9b41)
    Vendor:   
    VRAM:     6057 MB
    Driver:   27.20.100.9664
Initialize mono
Mono path[0] = 'C:/Program Files/Unity/Hub/Editor/2020.3.0f1/Editor/Data/Managed'
Mono path[1] = 'C:/Program Files/Unity/Hub/Editor/2020.3.0f1/Editor/Data/MonoBleedingEdge/lib/mono/unityjit'
Mono config path = 'C:/Program Files/Unity/Hub/Editor/2020.3.0f1/Editor/Data/MonoBleedingEdge/etc'
Using monoOptions --debugger-agent=transport=dt_socket,embedding=1,server=y,suspend=n,address=127.0.0.1:56480
Begin MonoManager ReloadAssembly
Registering precompiled unity dll's ...
Register platform support module: C:/Program Files/Unity/Hub/Editor/2020.3.0f1/Editor/Data/PlaybackEngines/WindowsStandaloneSupport/UnityEditor.WindowsStandalone.Extensions.dll
Registered in 0.003016 seconds.
Native extension for WindowsStandalone target not found
Refreshing native plugins compatible for Editor in 44.14 ms, found 1 plugins.
Preloading 0 native plugins for Editor in 0.00 ms.
Invoked RoslynAnalysisRunner static constructor.
RoslynAnalysisRunner will not be running.
RoslynAnalysisRunner has terminated.
Mono: successfully reloaded assembly
- Completed reload, in  1.364 seconds
Platform modules already initialized, skipping
Registering precompiled user dll's ...
Registered in 0.001496 seconds.
Begin MonoManager ReloadAssembly
Native extension for WindowsStandalone target not found
Refreshing native plugins compatible for Editor in 42.15 ms, found 1 plugins.
Preloading 0 native plugins for Editor in 0.00 ms.
Invoked RoslynAnalysisRunner static constructor.
RoslynAnalysisRunner will not be running.
RoslynAnalysisRunner has terminated.
Mono: successfully reloaded assembly
- Completed reload, in  1.044 seconds
Platform modules already initialized, skipping
========================================================================
Worker process is ready to serve import requests
Launched and connected shader compiler UnityShaderCompiler.exe after 0.04 seconds
Refreshing native plugins compatible for Editor in 0.32 ms, found 1 plugins.
Preloading 0 native plugins for Editor in 0.00 ms.
Unloading 1812 Unused Serialized files (Serialized files now loaded: 0)
System memory in use before: 84.8 MB.
System memory in use after: 84.7 MB.

Unloading 24 unused Assets to reduce memory usage. Loaded Objects now: 2255.
Total: 1.898800 ms (FindLiveObjects: 0.198500 ms CreateObjectMapping: 0.060400 ms MarkObjects: 1.524300 ms  DeleteObjects: 0.114600 ms)

========================================================================
Received Import Request.
  path: Assets/Malik Allen - World Interactions Sketch.png
  artifactKey: Guid(c1a3a61ecd762a749b11c22c2aeb430a) Importer(815301076,1909f56bfc062723c751e8b465ee728b)
Start importing Assets/Malik Allen - World Interactions Sketch.png using Guid(c1a3a61ecd762a749b11c22c2aeb430a) Importer(815301076,1909f56bfc062723c751e8b465ee728b)  -> (artifact id: '21676f8683538ee4da7c1c6a3017f2a3') in 0.175433 seconds
  Import took 0.179905 seconds .

========================================================================
Received Import Request.
  Time since last request: 35.412702 seconds.
  path: Assets/Malik Allen - World Interactions Sketch.png
  artifactKey: Guid(c1a3a61ecd762a749b11c22c2aeb430a) Importer(815301076,1909f56bfc062723c751e8b465ee728b)
Start importing Assets/Malik Allen - World Interactions Sketch.png using Guid(c1a3a61ecd762a749b11c22c2aeb430a) Importer(815301076,1909f56bfc062723c751e8b465ee728b)  -> (artifact id: '045deff037350d4badcc818678b8c6d5') in 0.009519 seconds
  Import took 0.013514 seconds .

========================================================================
Received Import Request.
  Time since last request: 0.005801 seconds.
  path: Assets/Malik Allen - World Interactions Sketch.png
  artifactKey: Guid(c1a3a61ecd762a749b11c22c2aeb430a) Importer(815301076,1909f56bfc062723c751e8b465ee728b)
Start importing Assets/Malik Allen - World Interactions Sketch.png using Guid(c1a3a61ecd762a749b11c22c2aeb430a) Importer(815301076,1909f56bfc062723c751e8b465ee728b)  -> (artifact id: '045deff037350d4badcc818678b8c6d5') in 0.010638 seconds
  Import took 0.014612 seconds .

========================================================================
Received Import Request.
  Time since last request: 9.338394 seconds.
  path: Assets/Malik Allen - World Interactions Sketch.png
  artifactKey: Guid(c1a3a61ecd762a749b11c22c2aeb430a) Importer(815301076,1909f56bfc062723c751e8b465ee728b)
Start importing Assets/Malik Allen - World Interactions Sketch.png using Guid(c1a3a61ecd762a749b11c22c2aeb430a) Importer(815301076,1909f56bfc062723c751e8b465ee728b)  -> (artifact id: '133c9e7e2e24e8244f99adc8bd685ed3') in 0.009359 seconds
  Import took 0.013067 seconds .

========================================================================
Received Import Request.
  Time since last request: 10.319294 seconds.
  path: Assets/Malik Allen - World Interactions Sketch.png
  artifactKey: Guid(c1a3a61ecd762a749b11c22c2aeb430a) Importer(815301076,1909f56bfc062723c751e8b465ee728b)
Start importing Assets/Malik Allen - World Interactions Sketch.png using Guid(c1a3a61ecd762a749b11c22c2aeb430a) Importer(815301076,1909f56bfc062723c751e8b465ee728b)  -> (artifact id: '288c0aa9e684f2a2c71b3d82b4ac3bfe') in 0.009137 seconds
  Import took 0.012521 seconds .

========================================================================
Received Prepare
Registering precompiled user dll's ...
Registered in 0.001153 seconds.
Begin MonoManager ReloadAssembly
Native extension for WindowsStandalone target not found
Refreshing native plugins compatible for Editor in 0.60 ms, found 1 plugins.
Preloading 0 native plugins for Editor in 0.00 ms.
Invoked RoslynAnalysisRunner static constructor.
RoslynAnalysisRunner will not be running.
RoslynAnalysisRunner has terminated.
Mono: successfully reloaded assembly
- Completed reload, in  1.369 seconds
Platform modules already initialized, skipping
Refreshing native plugins compatible for Editor in 0.49 ms, found 1 plugins.
Preloading 0 native plugins for Editor in 0.00 ms.
Unloading 1807 Unused Serialized files (Serialized files now loaded: 0)
System memory in use before: 87.8 MB.
System memory in use after: 87.8 MB.

Unloading 12 unused Assets to reduce memory usage. Loaded Objects now: 2265.
Total: 1.847500 ms (FindLiveObjects: 0.185500 ms CreateObjectMapping: 0.078700 ms MarkObjects: 1.487600 ms  DeleteObjects: 0.094600 ms)

AssetImportWorkerClient::OnTransportError - code=2 error=End of file
