Using pre-set license
Built from '2020.3/staging' branch; Version is '2020.3.0f1 (c7b5465681fb) revision 13088070'; Using compiler version '192528614'; Build Type 'Release'
OS: 'Windows 10 Home; OS build 19043.1237; Version 2009; 64bit' Language: 'en' Physical Memory: 12115 MB
BatchMode: 1, IsHumanControllingUs: 0, StartBugReporterOnCrash: 0, Is64bit: 1, IsPro: 0

 COMMAND LINE ARGUMENTS:
C:\Program Files\Unity\Hub\Editor\2020.3.0f1\Editor\Unity.exe
-adb2
-batchMode
-noUpm
-name
AssetImportWorker0
-projectPath
C:/Users/super/Downloads/2D Beginner - 93021
-logFile
Logs/AssetImportWorker0.log
-srvPort
50968
Successfully changed project path to: C:/Users/super/Downloads/2D Beginner - 93021
C:/Users/super/Downloads/2D Beginner - 93021
Using Asset Import Pipeline V2.
Refreshing native plugins compatible for Editor in 67.90 ms, found 1 plugins.
Preloading 0 native plugins for Editor in 0.00 ms.
Initialize engine version: 2020.3.0f1 (c7b5465681fb)
[Subsystems] Discovering subsystems at path C:/Program Files/Unity/Hub/Editor/2020.3.0f1/Editor/Data/Resources/UnitySubsystems
[Subsystems] Discovering subsystems at path C:/Users/super/Downloads/2D Beginner - 93021/Assets
GfxDevice: creating device client; threaded=0
Direct3D:
    Version:  Direct3D 11.0 [level 11.1]
    Renderer: Intel(R) UHD Graphics (ID=0x9b41)
    Vendor:   
    VRAM:     6057 MB
    Driver:   27.20.100.9664
Initialize mono
Mono path[0] = 'C:/Program Files/Unity/Hub/Editor/2020.3.0f1/Editor/Data/Managed'
Mono path[1] = 'C:/Program Files/Unity/Hub/Editor/2020.3.0f1/Editor/Data/MonoBleedingEdge/lib/mono/unityjit'
Mono config path = 'C:/Program Files/Unity/Hub/Editor/2020.3.0f1/Editor/Data/MonoBleedingEdge/etc'
Using monoOptions --debugger-agent=transport=dt_socket,embedding=1,server=y,suspend=n,address=127.0.0.1:56132
Begin MonoManager ReloadAssembly
Registering precompiled unity dll's ...
Register platform support module: C:/Program Files/Unity/Hub/Editor/2020.3.0f1/Editor/Data/PlaybackEngines/WindowsStandaloneSupport/UnityEditor.WindowsStandalone.Extensions.dll
Registered in 0.004526 seconds.
Native extension for WindowsStandalone target not found
Refreshing native plugins compatible for Editor in 74.39 ms, found 1 plugins.
Preloading 0 native plugins for Editor in 0.00 ms.
Invoked RoslynAnalysisRunner static constructor.
RoslynAnalysisRunner will not be running.
RoslynAnalysisRunner has terminated.
Mono: successfully reloaded assembly
- Completed reload, in  2.171 seconds
Platform modules already initialized, skipping
Registering precompiled user dll's ...
Registered in 0.002108 seconds.
Begin MonoManager ReloadAssembly
Native extension for WindowsStandalone target not found
Refreshing native plugins compatible for Editor in 73.35 ms, found 1 plugins.
Preloading 0 native plugins for Editor in 0.00 ms.
Invoked RoslynAnalysisRunner static constructor.
RoslynAnalysisRunner will not be running.
RoslynAnalysisRunner has terminated.
Mono: successfully reloaded assembly
- Completed reload, in  1.721 seconds
Platform modules already initialized, skipping
========================================================================
Worker process is ready to serve import requests
Launched and connected shader compiler UnityShaderCompiler.exe after 0.07 seconds
Refreshing native plugins compatible for Editor in 0.44 ms, found 1 plugins.
Preloading 0 native plugins for Editor in 0.00 ms.
Unloading 1808 Unused Serialized files (Serialized files now loaded: 0)
System memory in use before: 84.6 MB.
System memory in use after: 84.5 MB.

Unloading 24 unused Assets to reduce memory usage. Loaded Objects now: 2250.
Total: 3.214200 ms (FindLiveObjects: 0.421300 ms CreateObjectMapping: 0.188800 ms MarkObjects: 2.430800 ms  DeleteObjects: 0.171800 ms)

========================================================================
Received Import Request.
  path: Assets/Scenes
  artifactKey: Guid(2adf685a436841c4e85678fe336daac1) Importer(815301076,1909f56bfc062723c751e8b465ee728b)
Start importing Assets/Scenes using Guid(2adf685a436841c4e85678fe336daac1) Importer(815301076,1909f56bfc062723c751e8b465ee728b)  -> (artifact id: 'cfe8915ad0298d0b56f80d2d12a4348b') in 0.017322 seconds
  Import took 0.021049 seconds .

========================================================================
Received Import Request.
  Time since last request: 0.000282 seconds.
  path: Assets/Scenes/SampleScene.unity
  artifactKey: Guid(2cda990e2423bbf4892e6590ba056729) Importer(815301076,1909f56bfc062723c751e8b465ee728b)
Start importing Assets/Scenes/SampleScene.unity using Guid(2cda990e2423bbf4892e6590ba056729) Importer(815301076,1909f56bfc062723c751e8b465ee728b)  -> (artifact id: '4277dab6a28e8e1d23739f05f438b540') in 0.031374 seconds
  Import took 0.035617 seconds .

========================================================================
Received Import Request.
  Time since last request: 401.891392 seconds.
  path: Assets/Scenes/MainScene.unity
  artifactKey: Guid(d750b50aa3867c14885668177fb60c6e) Importer(815301076,1909f56bfc062723c751e8b465ee728b)
Start importing Assets/Scenes/MainScene.unity using Guid(d750b50aa3867c14885668177fb60c6e) Importer(815301076,1909f56bfc062723c751e8b465ee728b)  -> (artifact id: 'e9463f8f6efdb2703cbeae802721f3ca') in 0.014680 seconds
  Import took 0.019581 seconds .

========================================================================
Received Import Request.
  Time since last request: 199.874847 seconds.
  path: Assets/Scenes/Ruby.png
  artifactKey: Guid(13f91e013c5e2a34d969f1d6e0aeb382) Importer(815301076,1909f56bfc062723c751e8b465ee728b)
Start importing Assets/Scenes/Ruby.png using Guid(13f91e013c5e2a34d969f1d6e0aeb382) Importer(815301076,1909f56bfc062723c751e8b465ee728b)  -> (artifact id: 'a0a339af9e48a0c54ba4c89f2cf3e4ee') in 0.132008 seconds
  Import took 0.136379 seconds .

========================================================================
Received Import Request.
  Time since last request: 21.532216 seconds.
  path: Assets/Art/Sprites
  artifactKey: Guid(393943900ba2b6c4cb80f5e4a5d0806c) Importer(815301076,1909f56bfc062723c751e8b465ee728b)
Start importing Assets/Art/Sprites using Guid(393943900ba2b6c4cb80f5e4a5d0806c) Importer(815301076,1909f56bfc062723c751e8b465ee728b)  -> (artifact id: 'c97f20c78386dc2ff856480983d0a336') in 0.011389 seconds
  Import took 0.014848 seconds .

========================================================================
Received Import Request.
  Time since last request: 17.461065 seconds.
  path: Assets/Art/Ruby.png
  artifactKey: Guid(fbbc942335a671244bf89fb213c49759) Importer(815301076,1909f56bfc062723c751e8b465ee728b)
Start importing Assets/Art/Ruby.png using Guid(fbbc942335a671244bf89fb213c49759) Importer(815301076,1909f56bfc062723c751e8b465ee728b)  -> (artifact id: 'ba03575df1b429f7fd236cc8528f410e') in 0.023017 seconds
  Import took 0.026762 seconds .

========================================================================
Received Import Request.
  Time since last request: 0.000864 seconds.
  path: Assets/Art/Ruby.png
  artifactKey: Guid(fbbc942335a671244bf89fb213c49759) Importer(815301076,1909f56bfc062723c751e8b465ee728b)
Start importing Assets/Art/Ruby.png using Guid(fbbc942335a671244bf89fb213c49759) Importer(815301076,1909f56bfc062723c751e8b465ee728b)  -> (artifact id: 'ba03575df1b429f7fd236cc8528f410e') in 0.026305 seconds
  Import took 0.030888 seconds .

========================================================================
Received Import Request.
  Time since last request: 1082.058576 seconds.
  path: Assets
  artifactKey: Guid(00000000000000001000000000000000) Importer(815301076,1909f56bfc062723c751e8b465ee728b)
Start importing Assets using Guid(00000000000000001000000000000000) Importer(815301076,1909f56bfc062723c751e8b465ee728b)  -> (artifact id: '42baae205c97e3337697759514652acd') in 0.011200 seconds
  Import took 0.015517 seconds .

========================================================================
Received Import Request.
  Time since last request: 29.535952 seconds.
  path: Assets/Scripts
  artifactKey: Guid(dc77f33a8a40dea48b5059e319d42ff0) Importer(815301076,1909f56bfc062723c751e8b465ee728b)
Start importing Assets/Scripts using Guid(dc77f33a8a40dea48b5059e319d42ff0) Importer(815301076,1909f56bfc062723c751e8b465ee728b)  -> (artifact id: '6cfb721200fd01edaa7412dcbd9deeb7') in 0.008497 seconds
  Import took 0.011444 seconds .

========================================================================
Received Import Request.
  Time since last request: 24.911124 seconds.
  path: Assets/Scripts/RubyController.cs
  artifactKey: Guid(a78e1cfb5632c5d4bb87655f72363aff) Importer(815301076,1909f56bfc062723c751e8b465ee728b)
Start importing Assets/Scripts/RubyController.cs using Guid(a78e1cfb5632c5d4bb87655f72363aff) Importer(815301076,1909f56bfc062723c751e8b465ee728b)  -> (artifact id: '585bc05ed8d67e2c5e70c1552ea8f440') in 0.020072 seconds
  Import took 0.023667 seconds .

========================================================================
Received Import Request.
  Time since last request: 0.001802 seconds.
  path: Assets/Scripts/RubyController.cs
  artifactKey: Guid(a78e1cfb5632c5d4bb87655f72363aff) Importer(815301076,1909f56bfc062723c751e8b465ee728b)
Start importing Assets/Scripts/RubyController.cs using Guid(a78e1cfb5632c5d4bb87655f72363aff) Importer(815301076,1909f56bfc062723c751e8b465ee728b)  -> (artifact id: '585bc05ed8d67e2c5e70c1552ea8f440') in 0.003109 seconds
  Import took 0.006376 seconds .

========================================================================
Received Prepare
Registering precompiled user dll's ...
Registered in 0.001358 seconds.
Begin MonoManager ReloadAssembly
Native extension for WindowsStandalone target not found
Refreshing native plugins compatible for Editor in 0.38 ms, found 1 plugins.
Preloading 0 native plugins for Editor in 0.00 ms.
Invoked RoslynAnalysisRunner static constructor.
RoslynAnalysisRunner will not be running.
RoslynAnalysisRunner has terminated.
Mono: successfully reloaded assembly
- Completed reload, in  1.028 seconds
Platform modules already initialized, skipping
Refreshing native plugins compatible for Editor in 0.37 ms, found 1 plugins.
Preloading 0 native plugins for Editor in 0.00 ms.
Unloading 1804 Unused Serialized files (Serialized files now loaded: 0)
System memory in use before: 87.7 MB.
System memory in use after: 87.7 MB.

Unloading 12 unused Assets to reduce memory usage. Loaded Objects now: 2261.
Total: 2.211800 ms (FindLiveObjects: 0.191700 ms CreateObjectMapping: 0.081300 ms MarkObjects: 1.818500 ms  DeleteObjects: 0.119200 ms)

========================================================================
Received Prepare
Registering precompiled user dll's ...
Registered in 0.002051 seconds.
Begin MonoManager ReloadAssembly
Native extension for WindowsStandalone target not found
Refreshing native plugins compatible for Editor in 0.38 ms, found 1 plugins.
Preloading 0 native plugins for Editor in 0.00 ms.
Invoked RoslynAnalysisRunner static constructor.
RoslynAnalysisRunner will not be running.
RoslynAnalysisRunner has terminated.
Mono: successfully reloaded assembly
- Completed reload, in  1.003 seconds
Platform modules already initialized, skipping
Refreshing native plugins compatible for Editor in 0.36 ms, found 1 plugins.
Preloading 0 native plugins for Editor in 0.00 ms.
Unloading 1804 Unused Serialized files (Serialized files now loaded: 0)
System memory in use before: 87.7 MB.
System memory in use after: 87.7 MB.

Unloading 12 unused Assets to reduce memory usage. Loaded Objects now: 2265.
Total: 2.204800 ms (FindLiveObjects: 0.186700 ms CreateObjectMapping: 0.093100 ms MarkObjects: 1.801500 ms  DeleteObjects: 0.122400 ms)

========================================================================
Received Import Request.
  Time since last request: 1935.989798 seconds.
  path: Assets/Scripts/RubyController.cs
  artifactKey: Guid(a78e1cfb5632c5d4bb87655f72363aff) Importer(815301076,1909f56bfc062723c751e8b465ee728b)
Start importing Assets/Scripts/RubyController.cs using Guid(a78e1cfb5632c5d4bb87655f72363aff) Importer(815301076,1909f56bfc062723c751e8b465ee728b)  -> (artifact id: '336d6e8193234c88a1902e981f180f11') in 0.006314 seconds
  Import took 0.011534 seconds .

========================================================================
Received Prepare
Registering precompiled user dll's ...
Registered in 0.002131 seconds.
Begin MonoManager ReloadAssembly
Native extension for WindowsStandalone target not found
Refreshing native plugins compatible for Editor in 0.39 ms, found 1 plugins.
Preloading 0 native plugins for Editor in 0.00 ms.
Invoked RoslynAnalysisRunner static constructor.
RoslynAnalysisRunner will not be running.
RoslynAnalysisRunner has terminated.
Mono: successfully reloaded assembly
- Completed reload, in  1.344 seconds
Platform modules already initialized, skipping
Refreshing native plugins compatible for Editor in 0.42 ms, found 1 plugins.
Preloading 0 native plugins for Editor in 0.00 ms.
Unloading 1804 Unused Serialized files (Serialized files now loaded: 0)
System memory in use before: 87.7 MB.
System memory in use after: 87.7 MB.

Unloading 12 unused Assets to reduce memory usage. Loaded Objects now: 2269.
Total: 3.502200 ms (FindLiveObjects: 0.318000 ms CreateObjectMapping: 0.122600 ms MarkObjects: 2.874300 ms  DeleteObjects: 0.185400 ms)

========================================================================
Received Prepare
Registering precompiled user dll's ...
Registered in 0.001251 seconds.
Begin MonoManager ReloadAssembly
Native extension for WindowsStandalone target not found
Refreshing native plugins compatible for Editor in 0.38 ms, found 1 plugins.
Preloading 0 native plugins for Editor in 0.00 ms.
Invoked RoslynAnalysisRunner static constructor.
RoslynAnalysisRunner will not be running.
RoslynAnalysisRunner has terminated.
Mono: successfully reloaded assembly
- Completed reload, in  1.020 seconds
Platform modules already initialized, skipping
Refreshing native plugins compatible for Editor in 0.37 ms, found 1 plugins.
Preloading 0 native plugins for Editor in 0.00 ms.
Unloading 1804 Unused Serialized files (Serialized files now loaded: 0)
System memory in use before: 87.8 MB.
System memory in use after: 87.8 MB.

Unloading 12 unused Assets to reduce memory usage. Loaded Objects now: 2273.
Total: 2.066900 ms (FindLiveObjects: 0.201400 ms CreateObjectMapping: 0.073200 ms MarkObjects: 1.663600 ms  DeleteObjects: 0.127900 ms)

AssetImportWorkerClient::OnTransportError - code=2 error=End of file
